TN:
SF:./src/client/app/admin/admin.module.js
FN:1,(anonymous_1)
FNF:1
FNH:1
FNDA:1,(anonymous_1)
DA:1,1
DA:4,1
LF:2
LH:2
BRF:0
BRH:0
end_of_record
TN:
SF:./src/client/app/app.module.js
FN:1,(anonymous_1)
FNF:1
FNH:1
FNDA:1,(anonymous_1)
DA:1,1
DA:4,1
LF:2
LH:2
BRF:0
BRH:0
end_of_record
TN:
SF:./src/client/app/blocks/exception/exception.module.js
FN:1,(anonymous_1)
FNF:1
FNH:1
FNDA:1,(anonymous_1)
DA:1,1
DA:4,1
LF:2
LH:2
BRF:0
BRH:0
end_of_record
TN:
SF:./src/client/app/blocks/logger/logger.module.js
FN:1,(anonymous_1)
FNF:1
FNH:1
FNDA:1,(anonymous_1)
DA:1,1
DA:4,1
LF:2
LH:2
BRF:0
BRH:0
end_of_record
TN:
SF:./src/client/app/blocks/router/router.module.js
FN:1,(anonymous_1)
FNF:1
FNH:1
FNDA:1,(anonymous_1)
DA:1,1
DA:4,1
LF:2
LH:2
BRF:0
BRH:0
end_of_record
TN:
SF:./src/client/app/contact/contact.module.js
FN:1,(anonymous_1)
FNF:1
FNH:1
FNDA:1,(anonymous_1)
DA:1,1
DA:4,1
LF:2
LH:2
BRF:0
BRH:0
end_of_record
TN:
SF:./src/client/app/core/core.module.js
FN:1,(anonymous_1)
FNF:1
FNH:1
FNDA:1,(anonymous_1)
DA:1,1
DA:4,1
LF:2
LH:2
BRF:0
BRH:0
end_of_record
TN:
SF:./src/client/app/dashboard/dashboard.module.js
FN:1,(anonymous_1)
FNF:1
FNH:1
FNDA:1,(anonymous_1)
DA:1,1
DA:4,1
LF:2
LH:2
BRF:0
BRH:0
end_of_record
TN:
SF:./src/client/app/hipoteca/hipoteca.module.js
FN:1,(anonymous_1)
FNF:1
FNH:1
FNDA:1,(anonymous_1)
DA:1,1
DA:4,1
LF:2
LH:2
BRF:0
BRH:0
end_of_record
TN:
SF:./src/client/app/layout/layout.module.js
FN:1,(anonymous_1)
FNF:1
FNH:1
FNDA:1,(anonymous_1)
DA:1,1
DA:4,1
LF:2
LH:2
BRF:0
BRH:0
end_of_record
TN:
SF:./src/client/app/login/login.module.js
FN:1,(anonymous_1)
FNF:1
FNH:1
FNDA:1,(anonymous_1)
DA:1,1
DA:4,1
LF:2
LH:2
BRF:0
BRH:0
end_of_record
TN:
SF:./src/client/app/widgets/widgets.module.js
FN:1,(anonymous_1)
FNF:1
FNH:1
FNDA:1,(anonymous_1)
DA:1,1
DA:4,1
LF:2
LH:2
BRF:0
BRH:0
end_of_record
TN:
SF:./src/client/app/admin/admin.controller.js
FN:1,(anonymous_1)
FN:10,AdminController
FN:16,activate
FNF:3
FNH:3
FNDA:1,(anonymous_1)
FNDA:1,AdminController
FNDA:1,activate
DA:1,1
DA:4,1
DA:8,1
DA:10,1
DA:11,1
DA:12,1
DA:14,1
DA:16,1
DA:17,1
LF:9
LH:9
BRF:0
BRH:0
end_of_record
TN:
SF:./src/client/app/admin/admin.route.js
FN:1,(anonymous_1)
FN:10,appRun
FN:14,getStates
FNF:3
FNH:3
FNDA:1,(anonymous_1)
FNDA:1,appRun
FNDA:1,getStates
DA:1,1
DA:4,1
DA:8,1
DA:10,1
DA:11,1
DA:14,1
DA:15,1
LF:7
LH:7
BRF:0
BRH:0
end_of_record
TN:
SF:./src/client/app/blocks/exception/exception-handler.provider.js
FN:3,(anonymous_1)
FN:14,exceptionHandlerProvider
FN:20,(anonymous_3)
FN:24,(anonymous_4)
FN:37,config
FN:50,extendExceptionHandler
FN:51,(anonymous_7)
FNF:7
FNH:7
FNDA:1,(anonymous_1)
FNDA:23,exceptionHandlerProvider
FNDA:20,(anonymous_3)
FNDA:11,(anonymous_4)
FNDA:23,config
FNDA:9,extendExceptionHandler
FNDA:1,(anonymous_7)
DA:3,1
DA:6,1
DA:14,1
DA:16,23
DA:20,23
DA:21,20
DA:24,23
DA:25,11
DA:29,1
DA:37,1
DA:38,23
DA:41,1
DA:50,1
DA:51,9
DA:52,1
DA:53,1
DA:54,1
DA:55,1
DA:65,0
LF:19
LH:18
BRDA:52,1,0,1
BRDA:52,1,1,0
BRF:2
BRH:1
end_of_record
TN:
SF:./src/client/app/blocks/exception/exception.js
FN:1,(anonymous_1)
FN:9,exception
FN:15,catcher
FN:16,(anonymous_4)
FNF:4
FNH:2
FNDA:1,(anonymous_1)
FNDA:1,exception
FNDA:0,catcher
FNDA:0,(anonymous_4)
DA:1,1
DA:4,1
DA:9,1
DA:10,1
DA:13,1
DA:15,1
DA:16,0
DA:17,0
DA:18,0
DA:19,0
DA:20,0
DA:21,0
DA:23,0
DA:24,0
DA:25,0
LF:15
LH:6
BRDA:19,1,0,0
BRDA:19,1,1,0
BRDA:19,2,0,0
BRDA:19,2,1,0
BRF:4
BRH:0
end_of_record
TN:
SF:./src/client/app/blocks/logger/logger.js
FN:1,(anonymous_1)
FN:11,logger
FN:27,error
FN:32,info
FN:37,success
FN:42,warning
FNF:6
FNH:3
FNDA:1,(anonymous_1)
FNDA:9,logger
FNDA:0,error
FNDA:1,info
FNDA:0,success
FNDA:0,warning
DA:1,1
DA:4,1
DA:8,1
DA:11,1
DA:12,9
DA:24,9
DA:27,1
DA:28,0
DA:29,0
DA:32,1
DA:33,1
DA:34,1
DA:37,1
DA:38,0
DA:39,0
DA:42,1
DA:43,0
DA:44,0
LF:18
LH:12
BRF:0
BRH:0
end_of_record
TN:
SF:./src/client/app/blocks/router/router-helper.provider.js
FN:2,(anonymous_1)
FN:11,routerHelperProvider
FN:24,(anonymous_3)
FN:31,RouterHelper
FN:51,configureStates
FN:52,(anonymous_6)
FN:63,handleRoutingErrors
FN:68,(anonymous_8)
FN:86,init
FN:91,getStates
FN:93,updateDocTitle
FN:95,(anonymous_12)
FNF:12
FNH:9
FNDA:1,(anonymous_1)
FNDA:15,routerHelperProvider
FNDA:15,(anonymous_3)
FNDA:1,RouterHelper
FNDA:2,configureStates
FNDA:2,(anonymous_6)
FNDA:1,handleRoutingErrors
FNDA:0,(anonymous_8)
FNDA:1,init
FNDA:0,getStates
FNDA:1,updateDocTitle
FNDA:0,(anonymous_12)
DA:2,1
DA:5,1
DA:9,1
DA:11,1
DA:13,15
DA:18,15
DA:19,0
DA:22,15
DA:24,15
DA:25,15
DA:28,15
DA:29,15
DA:31,1
DA:32,1
DA:33,1
DA:34,1
DA:39,1
DA:45,1
DA:47,1
DA:51,1
DA:52,2
DA:53,2
DA:55,2
DA:57,2
DA:58,1
DA:59,1
DA:63,1
DA:67,1
DA:69,0
DA:70,0
DA:72,0
DA:73,0
DA:74,0
DA:77,0
DA:80,0
DA:81,0
DA:86,1
DA:87,1
DA:88,1
DA:91,1
DA:93,1
DA:94,1
DA:96,0
DA:97,0
DA:98,0
DA:99,0
LF:46
LH:33
BRDA:18,1,0,0
BRDA:18,1,1,15
BRDA:18,2,0,15
BRDA:18,2,1,15
BRDA:54,3,0,2
BRDA:54,3,1,1
BRDA:57,4,0,1
BRDA:57,4,1,1
BRDA:57,5,0,2
BRDA:57,5,1,1
BRDA:69,6,0,0
BRDA:69,6,1,0
BRDA:74,7,0,0
BRDA:74,7,1,0
BRDA:74,7,2,0
BRDA:74,7,3,0
BRDA:74,7,4,0
BRDA:78,8,0,0
BRDA:78,8,1,0
BRDA:78,9,0,0
BRDA:78,9,1,0
BRDA:79,10,0,0
BRDA:79,10,1,0
BRDA:98,11,0,0
BRDA:98,11,1,0
BRF:25
BRH:9
end_of_record
TN:
SF:./src/client/app/contact/contact.controller.js
FN:3,(anonymous_1)
FN:12,ContactController
FN:24,activate
FN:26,(anonymous_4)
FN:31,getMessageCount
FN:32,(anonymous_6)
FN:38,getPeople
FN:39,(anonymous_8)
FNF:8
FNH:1
FNDA:1,(anonymous_1)
FNDA:0,ContactController
FNDA:0,activate
FNDA:0,(anonymous_4)
FNDA:0,getMessageCount
FNDA:0,(anonymous_6)
FNDA:0,getPeople
FNDA:0,(anonymous_8)
DA:3,1
DA:6,1
DA:10,1
DA:12,1
DA:13,0
DA:14,0
DA:18,0
DA:19,0
DA:20,0
DA:22,0
DA:24,1
DA:25,0
DA:26,0
DA:27,0
DA:31,1
DA:32,0
DA:33,0
DA:34,0
DA:38,1
DA:39,0
DA:40,0
DA:41,0
LF:22
LH:7
BRF:0
BRH:0
end_of_record
TN:
SF:./src/client/app/contact/contact.route.js
FN:1,(anonymous_1)
FN:10,appRun
FN:14,getStates
FNF:3
FNH:1
FNDA:1,(anonymous_1)
FNDA:0,appRun
FNDA:0,getStates
DA:1,1
DA:4,1
DA:8,1
DA:10,1
DA:11,0
DA:14,1
DA:15,0
LF:7
LH:5
BRF:0
BRH:0
end_of_record
TN:
SF:./src/client/app/core/config.js
FN:1,(anonymous_1)
FN:10,toastrConfig
FN:26,configure
FNF:3
FNH:3
FNDA:1,(anonymous_1)
FNDA:15,toastrConfig
FNDA:15,configure
DA:1,1
DA:4,1
DA:6,1
DA:8,1
DA:10,1
DA:11,15
DA:12,15
DA:15,1
DA:20,1
DA:22,1
DA:24,1
DA:26,1
DA:27,15
DA:28,15
DA:30,15
DA:31,15
LF:16
LH:16
BRDA:27,1,0,15
BRDA:27,1,1,0
BRF:2
BRH:1
end_of_record
TN:
SF:./src/client/app/core/constants.js
FN:2,(anonymous_1)
FNF:1
FNH:1
FNDA:1,(anonymous_1)
DA:2,1
DA:5,1
LF:2
LH:2
BRF:0
BRH:0
end_of_record
TN:
SF:./src/client/app/core/core.route.js
FN:1,(anonymous_1)
FN:9,appRun
FN:14,getStates
FNF:3
FNH:3
FNDA:1,(anonymous_1)
FNDA:1,appRun
FNDA:1,getStates
DA:1,1
DA:4,1
DA:9,1
DA:10,1
DA:11,1
DA:14,1
DA:15,1
LF:7
LH:7
BRF:0
BRH:0
end_of_record
TN:
SF:./src/client/app/core/dataservice.js
FN:1,(anonymous_1)
FN:7,(anonymous_2)
FN:21,(anonymous_3)
FN:23,(anonymous_4)
FN:27,(anonymous_5)
FN:43,dataservice
FN:57,getMessageCount
FN:59,(anonymous_8)
FN:61,(anonymous_9)
FN:67,getPeople
FN:72,success
FN:76,fail
FN:84,checkLoggedin
FN:90,success
FN:99,fail
FN:104,isLoggedin
FN:109,success
FN:119,fail
FN:124,logout
FN:129,(anonymous_20)
FN:134,(anonymous_21)
FNF:21
FNH:4
FNDA:1,(anonymous_1)
FNDA:15,(anonymous_2)
FNDA:1,(anonymous_3)
FNDA:0,(anonymous_4)
FNDA:0,(anonymous_5)
FNDA:1,dataservice
FNDA:0,getMessageCount
FNDA:0,(anonymous_8)
FNDA:0,(anonymous_9)
FNDA:0,getPeople
FNDA:0,success
FNDA:0,fail
FNDA:0,checkLoggedin
FNDA:0,success
FNDA:0,fail
FNDA:0,isLoggedin
FNDA:0,success
FNDA:0,fail
FNDA:0,logout
FNDA:0,(anonymous_20)
FNDA:0,(anonymous_21)
DA:1,1
DA:4,1
DA:8,15
DA:15,15
DA:21,1
DA:22,1
DA:25,0
DA:28,0
DA:29,0
DA:30,0
DA:34,0
DA:40,1
DA:43,1
DA:46,1
DA:55,1
DA:57,1
DA:58,0
DA:59,0
DA:60,0
DA:62,0
DA:64,0
DA:67,1
DA:68,0
DA:72,1
DA:73,0
DA:76,1
DA:77,0
DA:84,1
DA:86,0
DA:90,1
DA:91,0
DA:92,0
DA:93,0
DA:95,0
DA:99,1
DA:100,0
DA:104,1
DA:105,0
DA:109,1
DA:110,0
DA:111,0
DA:112,0
DA:114,0
DA:115,0
DA:119,1
DA:120,0
DA:124,1
DA:125,0
DA:130,0
DA:131,0
DA:132,0
DA:136,0
LF:52
LH:21
BRDA:28,1,0,0
BRDA:28,1,1,0
BRDA:91,2,0,0
BRDA:91,2,1,0
BRDA:110,3,0,0
BRDA:110,3,1,0
BRF:6
BRH:0
end_of_record
TN:
SF:./src/client/app/dashboard/dashboard.controller.js
FN:1,(anonymous_1)
FN:11,DashboardController
FN:17,(anonymous_3)
FN:20,(anonymous_4)
FN:25,showDetailLawyer
FN:30,(anonymous_6)
FN:39,(anonymous_7)
FN:55,activate
FN:58,(anonymous_9)
FN:71,getMessageCount
FN:72,(anonymous_11)
FN:78,getPeople
FN:79,(anonymous_13)
FN:84,getMortgages
FNF:14
FNH:1
FNDA:1,(anonymous_1)
FNDA:0,DashboardController
FNDA:0,(anonymous_3)
FNDA:0,(anonymous_4)
FNDA:0,showDetailLawyer
FNDA:0,(anonymous_6)
FNDA:0,(anonymous_7)
FNDA:0,activate
FNDA:0,(anonymous_9)
FNDA:0,getMessageCount
FNDA:0,(anonymous_11)
FNDA:0,getPeople
FNDA:0,(anonymous_13)
FNDA:0,getMortgages
DA:1,1
DA:4,1
DA:8,1
DA:11,1
DA:12,0
DA:15,0
DA:17,0
DA:18,0
DA:19,0
DA:20,0
DA:21,0
DA:25,1
DA:26,0
DA:27,0
DA:30,0
DA:31,0
DA:34,0
DA:39,0
DA:40,0
DA:41,0
DA:42,0
DA:43,0
DA:49,0
DA:50,0
DA:51,0
DA:53,0
DA:55,1
DA:57,0
DA:58,0
DA:59,0
DA:71,1
DA:72,0
DA:73,0
DA:74,0
DA:78,1
DA:79,0
DA:80,0
DA:81,0
DA:84,1
DA:85,0
DA:86,0
LF:41
LH:9
BRDA:41,1,0,0
BRDA:41,1,1,0
BRDA:41,2,0,0
BRDA:41,2,1,0
BRF:4
BRH:0
end_of_record
TN:
SF:./src/client/app/dashboard/dashboard.route.js
FN:1,(anonymous_1)
FN:10,appRun
FN:14,getStates
FNF:3
FNH:1
FNDA:1,(anonymous_1)
FNDA:0,appRun
FNDA:0,getStates
DA:1,1
DA:4,1
DA:8,1
DA:10,1
DA:11,0
DA:14,1
DA:15,0
LF:7
LH:5
BRF:0
BRH:0
end_of_record
TN:
SF:./src/client/app/hipoteca/hipoteca.controller.js
FN:1,(anonymous_1)
FN:11,HipotecaController
FN:52,activate
FN:54,(anonymous_4)
FN:64,(anonymous_5)
FN:68,(anonymous_6)
FN:76,calcularHipoteca
FN:98,resetValues
FN:108,submitAndSaveHipoteca
FN:110,(anonymous_10)
FN:129,(anonymous_11)
FNF:11
FNH:1
FNDA:1,(anonymous_1)
FNDA:0,HipotecaController
FNDA:0,activate
FNDA:0,(anonymous_4)
FNDA:0,(anonymous_5)
FNDA:0,(anonymous_6)
FNDA:0,calcularHipoteca
FNDA:0,resetValues
FNDA:0,submitAndSaveHipoteca
FNDA:0,(anonymous_10)
FNDA:0,(anonymous_11)
DA:1,1
DA:3,1
DA:7,1
DA:11,1
DA:13,0
DA:16,0
DA:18,0
DA:45,0
DA:46,0
DA:48,0
DA:50,0
DA:52,1
DA:54,0
DA:55,0
DA:56,0
DA:57,0
DA:58,0
DA:60,0
DA:63,0
DA:65,0
DA:66,0
DA:69,0
DA:76,1
DA:77,0
DA:80,0
DA:81,0
DA:83,0
DA:84,0
DA:85,0
DA:87,0
DA:89,0
DA:93,0
DA:94,0
DA:98,1
DA:99,0
DA:100,0
DA:101,0
DA:108,1
DA:109,0
DA:110,0
DA:111,0
DA:113,0
DA:115,0
DA:116,0
DA:118,0
DA:120,0
DA:122,0
DA:126,0
DA:130,0
DA:136,0
DA:138,0
DA:139,0
DA:140,0
LF:53
LH:8
BRDA:56,1,0,0
BRDA:56,1,1,0
BRDA:56,2,0,0
BRDA:56,2,1,0
BRDA:60,3,0,0
BRDA:60,3,1,0
BRDA:80,4,0,0
BRDA:80,4,1,0
BRDA:83,5,0,0
BRDA:83,5,1,0
BRDA:84,6,0,0
BRDA:84,6,1,0
BRDA:85,7,0,0
BRDA:85,7,1,0
BRDA:109,8,0,0
BRDA:109,8,1,0
BRDA:115,9,0,0
BRDA:115,9,1,0
BRDA:130,10,0,0
BRDA:130,10,1,0
BRDA:130,11,0,0
BRDA:130,11,1,0
BRDA:130,11,2,0
BRDA:130,11,3,0
BRDA:130,11,4,0
BRDA:130,11,5,0
BRF:26
BRH:0
end_of_record
TN:
SF:./src/client/app/hipoteca/hipoteca.route.js
FN:1,(anonymous_1)
FN:10,appRun
FN:14,getStates
FNF:3
FNH:1
FNDA:1,(anonymous_1)
FNDA:0,appRun
FNDA:0,getStates
DA:1,1
DA:4,1
DA:8,1
DA:10,1
DA:11,0
DA:14,1
DA:15,0
LF:7
LH:5
BRF:0
BRH:0
end_of_record
TN:
SF:./src/client/app/i18n/translation_ca_ES.js
FNF:0
FNH:0
LF:0
LH:0
BRF:0
BRH:0
end_of_record
TN:
SF:./src/client/app/layout/ht-top-nav.directive.js
FN:1,(anonymous_1)
FN:9,htTopNav
FN:24,TopNavController
FNF:3
FNH:1
FNDA:1,(anonymous_1)
FNDA:0,htTopNav
FNDA:0,TopNavController
DA:1,1
DA:4,1
DA:9,1
DA:10,0
DA:21,0
DA:24,1
DA:25,0
DA:26,0
DA:29,0
LF:9
LH:4
BRF:0
BRH:0
end_of_record
TN:
SF:./src/client/app/layout/mainmenu.controller.js
FN:1,(anonymous_1)
FN:14,MainMenuController
FN:32,activate
FN:36,(anonymous_4)
FN:41,getNavRoutes
FN:42,(anonymous_6)
FN:44,(anonymous_7)
FN:49,getAuthUser
FN:50,(anonymous_9)
FN:56,logout
FN:57,(anonymous_11)
FN:63,login
FN:95,isCurrent
FNF:13
FNH:1
FNDA:1,(anonymous_1)
FNDA:0,MainMenuController
FNDA:0,activate
FNDA:0,(anonymous_4)
FNDA:0,getNavRoutes
FNDA:0,(anonymous_6)
FNDA:0,(anonymous_7)
FNDA:0,getAuthUser
FNDA:0,(anonymous_9)
FNDA:0,logout
FNDA:0,(anonymous_11)
FNDA:0,login
FNDA:0,isCurrent
DA:1,1
DA:4,1
DA:9,1
DA:14,1
DA:15,0
DA:21,0
DA:22,0
DA:24,0
DA:25,0
DA:30,0
DA:32,1
DA:33,0
DA:35,0
DA:36,0
DA:37,0
DA:41,1
DA:42,0
DA:43,0
DA:45,0
DA:49,1
DA:50,0
DA:51,0
DA:52,0
DA:56,1
DA:57,0
DA:58,0
DA:59,0
DA:63,1
DA:64,0
DA:95,1
DA:96,0
DA:97,0
DA:99,0
DA:100,0
LF:34
LH:10
BRDA:43,1,0,0
BRDA:43,1,1,0
BRDA:96,2,0,0
BRDA:96,2,1,0
BRDA:96,3,0,0
BRDA:96,3,1,0
BRDA:96,3,2,0
BRDA:100,4,0,0
BRDA:100,4,1,0
BRF:9
BRH:0
end_of_record
TN:
SF:./src/client/app/layout/shell.controller.js
FN:1,(anonymous_1)
FN:10,ShellController
FN:23,activate
FN:28,hideSplash
FN:30,(anonymous_5)
FNF:5
FNH:1
FNDA:1,(anonymous_1)
FNDA:0,ShellController
FNDA:0,activate
FNDA:0,hideSplash
FNDA:0,(anonymous_5)
DA:1,1
DA:4,1
DA:8,1
DA:10,1
DA:11,0
DA:12,0
DA:13,0
DA:14,0
DA:15,0
DA:21,0
DA:23,1
DA:24,0
DA:25,0
DA:28,1
DA:30,0
DA:31,0
LF:16
LH:6
BRF:0
BRH:0
end_of_record
TN:
SF:./src/client/app/login/login.controller.js
FN:1,(anonymous_1)
FN:10,LoginController
FN:15,login
FN:22,(anonymous_4)
FN:30,(anonymous_5)
FNF:5
FNH:1
FNDA:1,(anonymous_1)
FNDA:0,LoginController
FNDA:0,login
FNDA:0,(anonymous_4)
FNDA:0,(anonymous_5)
DA:1,1
DA:4,1
DA:8,1
DA:10,1
DA:11,0
DA:13,0
DA:15,1
DA:17,0
DA:23,0
DA:24,0
DA:26,0
DA:27,0
DA:31,0
DA:32,0
DA:33,0
LF:15
LH:5
BRF:0
BRH:0
end_of_record
TN:
SF:./src/client/app/login/login.route.js
FN:1,(anonymous_1)
FN:10,appRun
FN:14,getStates
FNF:3
FNH:1
FNDA:1,(anonymous_1)
FNDA:0,appRun
FNDA:0,getStates
DA:1,1
DA:4,1
DA:8,1
DA:10,1
DA:11,0
DA:14,1
DA:15,0
LF:7
LH:5
BRF:0
BRH:0
end_of_record
TN:
SF:./src/client/app/widgets/ht-img-person.directive.js
FN:1,(anonymous_1)
FN:10,htImgPerson
FN:21,link
FN:22,(anonymous_4)
FNF:4
FNH:1
FNDA:1,(anonymous_1)
FNDA:0,htImgPerson
FNDA:0,link
FNDA:0,(anonymous_4)
DA:1,1
DA:4,1
DA:8,1
DA:10,1
DA:13,0
DA:14,0
DA:15,0
DA:19,0
DA:21,1
DA:22,0
DA:23,0
DA:24,0
LF:12
LH:5
BRDA:23,1,0,0
BRDA:23,1,1,0
BRF:2
BRH:0
end_of_record
TN:
SF:./src/client/app/widgets/ht-widget-header.directive.js
FN:1,(anonymous_1)
FN:9,htWidgetHeader
FN:29,link
FN:30,(anonymous_4)
FNF:4
FNH:1
FNDA:1,(anonymous_1)
FNDA:0,htWidgetHeader
FNDA:0,link
FNDA:0,(anonymous_4)
DA:1,1
DA:4,1
DA:9,1
DA:16,0
DA:27,0
DA:29,1
DA:30,0
DA:31,0
DA:32,0
DA:33,0
LF:10
LH:4
BRDA:31,1,0,0
BRDA:31,1,1,0
BRF:2
BRH:0
end_of_record
